
CommandNotFoundError: Your shell has not been properly configured to use 'conda deactivate'.
To initialize your shell, run

    $ conda init <SHELL_NAME>

Currently supported shells are:
  - bash
  - fish
  - tcsh
  - xonsh
  - zsh
  - powershell

See 'conda init --help' for more information and options.

IMPORTANT: You may need to close and restart your shell after running 'conda init'.


/cfs/earth/scratch/dugua001/.conda/envs/tinysleepnet_env2/lib/python3.6/site-packages/torch/cuda/__init__.py:125: UserWarning: 
NVIDIA L40S with CUDA capability sm_89 is not compatible with the current PyTorch installation.
The current PyTorch install supports CUDA capabilities sm_37 sm_50 sm_60 sm_70 sm_75.
If you want to use the NVIDIA L40S GPU with PyTorch, please check the instructions at https://pytorch.org/get-started/locally/

  warnings.warn(incompatible_device_warn.format(device_name, capability, " ".join(arch_list), device_name))
Traceback (most recent call last):
  File "simple_test_model.py", line 18, in <module>
    output = model(x)
  File "/cfs/earth/scratch/dugua001/.conda/envs/tinysleepnet_env2/lib/python3.6/site-packages/torch/nn/modules/module.py", line 722, in _call_impl
    result = self.forward(*input, **kwargs)
  File "simple_test_model.py", line 11, in forward
    return self.fc(x)
  File "/cfs/earth/scratch/dugua001/.conda/envs/tinysleepnet_env2/lib/python3.6/site-packages/torch/nn/modules/module.py", line 722, in _call_impl
    result = self.forward(*input, **kwargs)
  File "/cfs/earth/scratch/dugua001/.conda/envs/tinysleepnet_env2/lib/python3.6/site-packages/torch/nn/modules/linear.py", line 91, in forward
    return F.linear(input, self.weight, self.bias)
  File "/cfs/earth/scratch/dugua001/.conda/envs/tinysleepnet_env2/lib/python3.6/site-packages/torch/nn/functional.py", line 1674, in linear
    ret = torch.addmm(bias, input, weight.t())
RuntimeError: CUDA error: no kernel image is available for execution on the device
