tensor([[ 0.0921, -0.0191, -0.5618, -0.0478, -0.4724, -0.5282,  0.4701,  0.0530,
          0.4994,  0.0328],
        [-0.3012,  0.0660,  0.4312,  0.2029,  0.6098,  0.1978, -1.0469,  0.0850,
          0.1056, -0.1472],
        [-0.2321,  0.2060, -0.3271, -0.9450,  0.5232, -0.2692, -0.7087, -0.1793,
          0.8161, -0.2354],
        [-0.1292, -0.0407,  0.2501,  0.5916, -1.0599, -0.2535,  0.8558,  0.4729,
          0.3431,  0.1584],
        [ 0.0257,  0.2998,  0.9967,  0.6481,  0.1482,  0.7153, -0.5579, -0.3696,
          0.5514,  1.0124]], device='cuda:0', grad_fn=<AddmmBackward0>)
1.12.0+cu116
Checking CUDA version and GPU availability in PyTorch...

CUDA is available!
PyTorch CUDA version: 11.6
Number of GPUs available: 1
GPU 0: NVIDIA L40S

Fetching NVIDIA-SMI information...

Fri Oct 18 11:27:06 2024       
+---------------------------------------------------------------------------------------+
| NVIDIA-SMI 535.161.07             Driver Version: 535.161.07   CUDA Version: 12.2     |
|-----------------------------------------+----------------------+----------------------+
| GPU  Name                 Persistence-M | Bus-Id        Disp.A | Volatile Uncorr. ECC |
| Fan  Temp   Perf          Pwr:Usage/Cap |         Memory-Usage | GPU-Util  Compute M. |
|                                         |                      |               MIG M. |
|=========================================+======================+======================|
|   0  NVIDIA L40S                    On  | 00000000:48:00.0 Off |                    0 |
| N/A   32C    P0              65W / 350W |      3MiB / 46068MiB |      0%      Default |
|                                         |                      |                  N/A |
+-----------------------------------------+----------------------+----------------------+
                                                                                         
+---------------------------------------------------------------------------------------+
| Processes:                                                                            |
|  GPU   GI   CI        PID   Type   Process name                            GPU Memory |
|        ID   ID                                                             Usage      |
|=======================================================================================|
|  No running processes found                                                           |
+---------------------------------------------------------------------------------------+

Checking CUDA status...
CUDA available: True
Number of GPUs: 1
GPU 0: NVIDIA L40S
Memory Allocated: 0 bytes
Memory Reserved: 0 bytes
Current working directory: /cfs/earth/scratch/dugua001/Tinysleepnet-pytorch/HPC_bash
