Lmod has detected the following error: These module(s) or extension(s) exist
but cannot be loaded as requested: "gcc/9.4.0-pe5.34"
   Try: "module spider gcc/9.4.0-pe5.34" to see how to load the module(s).



/cfs/earth/scratch/dugua001/.conda/envs/tinysleepnet_env2/lib/python3.6/site-packages/torch/cuda/__init__.py:143: UserWarning: 
NVIDIA L40S with CUDA capability sm_89 is not compatible with the current PyTorch installation.
The current PyTorch install supports CUDA capabilities sm_37 sm_50 sm_60 sm_70.
If you want to use the NVIDIA L40S GPU with PyTorch, please check the instructions at https://pytorch.org/get-started/locally/

  warnings.warn(incompatible_device_warn.format(device_name, capability, " ".join(arch_list), device_name))
Traceback (most recent call last):
  File "simple_test_model.py", line 18, in <module>
    output = model(x)
  File "/cfs/earth/scratch/dugua001/.conda/envs/tinysleepnet_env2/lib/python3.6/site-packages/torch/nn/modules/module.py", line 1102, in _call_impl
    return forward_call(*input, **kwargs)
  File "simple_test_model.py", line 11, in forward
    return self.fc(x)
  File "/cfs/earth/scratch/dugua001/.conda/envs/tinysleepnet_env2/lib/python3.6/site-packages/torch/nn/modules/module.py", line 1102, in _call_impl
    return forward_call(*input, **kwargs)
  File "/cfs/earth/scratch/dugua001/.conda/envs/tinysleepnet_env2/lib/python3.6/site-packages/torch/nn/modules/linear.py", line 103, in forward
    return F.linear(input, self.weight, self.bias)
  File "/cfs/earth/scratch/dugua001/.conda/envs/tinysleepnet_env2/lib/python3.6/site-packages/torch/nn/functional.py", line 1848, in linear
    return torch._C._nn.linear(input, weight, bias)
RuntimeError: CUDA error: no kernel image is available for execution on the device
CUDA kernel errors might be asynchronously reported at some other API call,so the stacktrace below might be incorrect.
For debugging consider passing CUDA_LAUNCH_BLOCKING=1.
