
The following have been reloaded with a version change:
  1) mpfr/3.1.6-pe5.26 => mpfr/4.0.2-pe5.26


CommandNotFoundError: Your shell has not been properly configured to use 'conda deactivate'.
To initialize your shell, run

    $ conda init <SHELL_NAME>

Currently supported shells are:
  - bash
  - fish
  - tcsh
  - xonsh
  - zsh
  - powershell

See 'conda init --help' for more information and options.

IMPORTANT: You may need to close and restart your shell after running 'conda init'.


Traceback (most recent call last):
  File "trainer.py", line 8, in <module>
    from train import train
  File "/cfs/earth/scratch/dugua001/Tinysleepnet-pytorch/train.py", line 7, in <module>
    import torch
ModuleNotFoundError: No module named 'torch'
